[0.018s] Invoking command in '/home/hari/git/verdanteye/41068_ws/build/41068_ignition_bringup': CMAKE_PREFIX_PATH=${CMAKE_PREFIX_PATH}:/opt/ros/humble /usr/bin/cmake /home/hari/git/verdanteye/41068_ws/src -DAMENT_CMAKE_SYMLINK_INSTALL=1 -DCMAKE_INSTALL_PREFIX=/home/hari/git/verdanteye/41068_ws/install/41068_ignition_bringup
[0.324s] -- The C compiler identification is GNU 11.4.0
[1.074s] -- The CXX compiler identification is GNU 11.4.0
[1.605s] -- Detecting C compiler ABI info
[1.820s] -- Detecting C compiler ABI info - done
[1.826s] -- Check for working C compiler: /usr/bin/cc - skipped
[1.826s] -- Detecting C compile features
[1.827s] -- Detecting C compile features - done
[1.831s] -- Detecting CXX compiler ABI info
[2.052s] -- Detecting CXX compiler ABI info - done
[2.058s] -- Check for working CXX compiler: /usr/bin/c++ - skipped
[2.058s] -- Detecting CXX compile features
[2.059s] -- Detecting CXX compile features - done
[2.075s] -- Found ament_cmake: 1.3.12 (/opt/ros/humble/share/ament_cmake/cmake)
[2.220s] -- Found Python3: /usr/bin/python3 (found version "3.10.12") found components: Interpreter 
[2.288s] -- Override CMake install command with custom implementation using symlinks instead of copying resources
[2.351s] -- Found ros_ign_interfaces: 0.244.20 (/opt/ros/humble/share/ros_ign_interfaces/cmake)
[2.578s] -- Found rosidl_generator_c: 3.1.7 (/opt/ros/humble/share/rosidl_generator_c/cmake)
[2.588s] -- Found rosidl_adapter: 3.1.7 (/opt/ros/humble/share/rosidl_adapter/cmake)
[2.603s] -- Found rosidl_generator_cpp: 3.1.7 (/opt/ros/humble/share/rosidl_generator_cpp/cmake)
[2.624s] -- Using all available rosidl_typesupport_c: rosidl_typesupport_fastrtps_c;rosidl_typesupport_introspection_c
[2.651s] -- Using all available rosidl_typesupport_cpp: rosidl_typesupport_fastrtps_cpp;rosidl_typesupport_introspection_cpp
[2.772s] -- Found ament_lint_auto: 0.12.14 (/opt/ros/humble/share/ament_lint_auto/cmake)
[2.822s] WARNING: Package name "41068_ignition_bringup" does not follow the naming conventions. It should start with a lower case letter and only contain lower case letters, digits, underscores, and dashes.
[2.872s] -- Added test 'copyright' to check source files copyright and LICENSE
[2.881s] -- Added test 'flake8' to check Python code syntax and style conventions
[2.883s] -- Added test 'lint_cmake' to check CMake code style
[2.885s] -- Added test 'pep257' to check Python code against some of the docstring style conventions in PEP 257
[2.890s] -- Added test 'xmllint' to check XML markup files
[2.893s] -- Configuring done
[2.901s] -- Generating done
[2.903s] -- Build files have been written to: /home/hari/git/verdanteye/41068_ws/build/41068_ignition_bringup
[2.912s] Invoked command in '/home/hari/git/verdanteye/41068_ws/build/41068_ignition_bringup' returned '0': CMAKE_PREFIX_PATH=${CMAKE_PREFIX_PATH}:/opt/ros/humble /usr/bin/cmake /home/hari/git/verdanteye/41068_ws/src -DAMENT_CMAKE_SYMLINK_INSTALL=1 -DCMAKE_INSTALL_PREFIX=/home/hari/git/verdanteye/41068_ws/install/41068_ignition_bringup
[2.914s] Invoking command in '/home/hari/git/verdanteye/41068_ws/build/41068_ignition_bringup': CMAKE_PREFIX_PATH=${CMAKE_PREFIX_PATH}:/opt/ros/humble /usr/bin/cmake --build /home/hari/git/verdanteye/41068_ws/build/41068_ignition_bringup -- -j16 -l16
[2.956s] Invoked command in '/home/hari/git/verdanteye/41068_ws/build/41068_ignition_bringup' returned '0': CMAKE_PREFIX_PATH=${CMAKE_PREFIX_PATH}:/opt/ros/humble /usr/bin/cmake --build /home/hari/git/verdanteye/41068_ws/build/41068_ignition_bringup -- -j16 -l16
[2.966s] Invoking command in '/home/hari/git/verdanteye/41068_ws/build/41068_ignition_bringup': CMAKE_PREFIX_PATH=${CMAKE_PREFIX_PATH}:/opt/ros/humble /usr/bin/cmake --install /home/hari/git/verdanteye/41068_ws/build/41068_ignition_bringup
[2.974s] -- Install configuration: ""
[2.974s] -- Execute custom install script
[2.976s] -- Symlinking: /home/hari/git/verdanteye/41068_ws/install/41068_ignition_bringup/share/41068_ignition_bringup/config/41068.rviz
[2.986s] -- Symlinking: /home/hari/git/verdanteye/41068_ws/install/41068_ignition_bringup/share/41068_ignition_bringup/config/gazebo_bridge.yaml
[2.995s] -- Symlinking: /home/hari/git/verdanteye/41068_ws/install/41068_ignition_bringup/share/41068_ignition_bringup/config/nav2_params.yaml
[3.005s] -- Symlinking: /home/hari/git/verdanteye/41068_ws/install/41068_ignition_bringup/share/41068_ignition_bringup/config/robot_localization.yaml
[3.015s] -- Symlinking: /home/hari/git/verdanteye/41068_ws/install/41068_ignition_bringup/share/41068_ignition_bringup/config/slam_params.yaml
[3.025s] -- Symlinking: /home/hari/git/verdanteye/41068_ws/install/41068_ignition_bringup/share/41068_ignition_bringup/launch/41068_ignition.launch.py
[3.034s] -- Symlinking: /home/hari/git/verdanteye/41068_ws/install/41068_ignition_bringup/share/41068_ignition_bringup/launch/41068_navigation.launch.py
[3.045s] -- Symlinking: /home/hari/git/verdanteye/41068_ws/install/41068_ignition_bringup/share/41068_ignition_bringup/models/forest_plane/materials/textures/empty_grass.png
[3.055s] -- Symlinking: /home/hari/git/verdanteye/41068_ws/install/41068_ignition_bringup/share/41068_ignition_bringup/models/forest_plane/materials/textures/forest_overhead.png
[3.064s] -- Symlinking: /home/hari/git/verdanteye/41068_ws/install/41068_ignition_bringup/share/41068_ignition_bringup/models/forest_plane/materials/textures/leaf_litter.png
[3.073s] -- Symlinking: /home/hari/git/verdanteye/41068_ws/install/41068_ignition_bringup/share/41068_ignition_bringup/models/forest_plane/model.config
[3.082s] -- Symlinking: /home/hari/git/verdanteye/41068_ws/install/41068_ignition_bringup/share/41068_ignition_bringup/models/forest_plane/model.sdf
[3.093s] -- Symlinking: /home/hari/git/verdanteye/41068_ws/install/41068_ignition_bringup/share/41068_ignition_bringup/models/forest_wall/materials/textures/forest_wall.png
[3.103s] -- Symlinking: /home/hari/git/verdanteye/41068_ws/install/41068_ignition_bringup/share/41068_ignition_bringup/models/forest_wall/materials/textures/forest_wall_transparent.png
[3.112s] -- Symlinking: /home/hari/git/verdanteye/41068_ws/install/41068_ignition_bringup/share/41068_ignition_bringup/models/forest_wall/materials/textures/forest_wall_transparent_small.png
[3.121s] -- Symlinking: /home/hari/git/verdanteye/41068_ws/install/41068_ignition_bringup/share/41068_ignition_bringup/models/forest_wall/model.config
[3.131s] -- Symlinking: /home/hari/git/verdanteye/41068_ws/install/41068_ignition_bringup/share/41068_ignition_bringup/models/forest_wall/model.sdf
[3.141s] -- Symlinking: /home/hari/git/verdanteye/41068_ws/install/41068_ignition_bringup/share/41068_ignition_bringup/models/grass_plane/materials/textures/empty_grass.png
[3.151s] -- Symlinking: /home/hari/git/verdanteye/41068_ws/install/41068_ignition_bringup/share/41068_ignition_bringup/models/grass_plane/model.config
[3.160s] -- Symlinking: /home/hari/git/verdanteye/41068_ws/install/41068_ignition_bringup/share/41068_ignition_bringup/models/grass_plane/model.sdf
[3.170s] -- Symlinking: /home/hari/git/verdanteye/41068_ws/install/41068_ignition_bringup/share/41068_ignition_bringup/urdf/common_properties.urdf.xacro
[3.179s] -- Symlinking: /home/hari/git/verdanteye/41068_ws/install/41068_ignition_bringup/share/41068_ignition_bringup/urdf/husky.gazebo.xacro
[3.188s] -- Symlinking: /home/hari/git/verdanteye/41068_ws/install/41068_ignition_bringup/share/41068_ignition_bringup/urdf/husky.urdf.xacro
[3.198s] -- Symlinking: /home/hari/git/verdanteye/41068_ws/install/41068_ignition_bringup/share/41068_ignition_bringup/urdf/meshes/base_link.dae
[3.207s] -- Symlinking: /home/hari/git/verdanteye/41068_ws/install/41068_ignition_bringup/share/41068_ignition_bringup/urdf/meshes/bumper.dae
[3.217s] -- Symlinking: /home/hari/git/verdanteye/41068_ws/install/41068_ignition_bringup/share/41068_ignition_bringup/urdf/meshes/jpl04_arch_nosensor.stl
[3.226s] -- Symlinking: /home/hari/git/verdanteye/41068_ws/install/41068_ignition_bringup/share/41068_ignition_bringup/urdf/meshes/top_chassis.dae
[3.235s] -- Symlinking: /home/hari/git/verdanteye/41068_ws/install/41068_ignition_bringup/share/41068_ignition_bringup/urdf/meshes/top_plate.dae
[3.244s] -- Symlinking: /home/hari/git/verdanteye/41068_ws/install/41068_ignition_bringup/share/41068_ignition_bringup/urdf/meshes/wheel.dae
[3.253s] -- Symlinking: /home/hari/git/verdanteye/41068_ws/install/41068_ignition_bringup/share/41068_ignition_bringup/urdf/wheel.urdf.xacro
[3.263s] -- Symlinking: /home/hari/git/verdanteye/41068_ws/install/41068_ignition_bringup/share/41068_ignition_bringup/worlds/large_demo.sdf
[3.272s] -- Symlinking: /home/hari/git/verdanteye/41068_ws/install/41068_ignition_bringup/share/41068_ignition_bringup/worlds/simple_trees.sdf
[3.283s] -- Symlinking: /home/hari/git/verdanteye/41068_ws/install/41068_ignition_bringup/share/ament_index/resource_index/package_run_dependencies/41068_ignition_bringup
[3.293s] -- Symlinking: /home/hari/git/verdanteye/41068_ws/install/41068_ignition_bringup/share/ament_index/resource_index/parent_prefix_path/41068_ignition_bringup
[3.303s] -- Symlinking: /home/hari/git/verdanteye/41068_ws/install/41068_ignition_bringup/share/41068_ignition_bringup/environment/ament_prefix_path.sh
[3.312s] -- Symlinking: /home/hari/git/verdanteye/41068_ws/install/41068_ignition_bringup/share/41068_ignition_bringup/environment/ament_prefix_path.dsv
[3.321s] -- Symlinking: /home/hari/git/verdanteye/41068_ws/install/41068_ignition_bringup/share/41068_ignition_bringup/environment/path.sh
[3.331s] -- Symlinking: /home/hari/git/verdanteye/41068_ws/install/41068_ignition_bringup/share/41068_ignition_bringup/environment/path.dsv
[3.340s] -- Symlinking: /home/hari/git/verdanteye/41068_ws/install/41068_ignition_bringup/share/41068_ignition_bringup/local_setup.bash
[3.350s] -- Symlinking: /home/hari/git/verdanteye/41068_ws/install/41068_ignition_bringup/share/41068_ignition_bringup/local_setup.sh
[3.359s] -- Symlinking: /home/hari/git/verdanteye/41068_ws/install/41068_ignition_bringup/share/41068_ignition_bringup/local_setup.zsh
[3.369s] -- Symlinking: /home/hari/git/verdanteye/41068_ws/install/41068_ignition_bringup/share/41068_ignition_bringup/local_setup.dsv
[3.378s] -- Symlinking: /home/hari/git/verdanteye/41068_ws/install/41068_ignition_bringup/share/41068_ignition_bringup/package.dsv
[3.388s] -- Symlinking: /home/hari/git/verdanteye/41068_ws/install/41068_ignition_bringup/share/ament_index/resource_index/packages/41068_ignition_bringup
[3.397s] -- Symlinking: /home/hari/git/verdanteye/41068_ws/install/41068_ignition_bringup/share/41068_ignition_bringup/cmake/41068_ignition_bringupConfig.cmake
[3.407s] -- Symlinking: /home/hari/git/verdanteye/41068_ws/install/41068_ignition_bringup/share/41068_ignition_bringup/cmake/41068_ignition_bringupConfig-version.cmake
[3.416s] -- Symlinking: /home/hari/git/verdanteye/41068_ws/install/41068_ignition_bringup/share/41068_ignition_bringup/package.xml
[3.427s] Invoked command in '/home/hari/git/verdanteye/41068_ws/build/41068_ignition_bringup' returned '0': CMAKE_PREFIX_PATH=${CMAKE_PREFIX_PATH}:/opt/ros/humble /usr/bin/cmake --install /home/hari/git/verdanteye/41068_ws/build/41068_ignition_bringup
